11:25:20.923 INFO  - org.springframework.boot.StartupInfoLogger.logStarting(StartupInfoLogger.java:50) - Starting TechonlineBooterApplication on DESKTOP-L26BA3P with PID 14248 (G:\technology\technology_online\backstage-spring\techonline-booter\target\classes started by jaywatson in G:\technology\technology_online\backstage-spring)
11:25:20.924 INFO  - org.springframework.boot.SpringApplication.logStartupProfileInfo(SpringApplication.java:651) - The following profiles are active: dev
11:25:24.849 INFO  - org.apache.juli.logging.DirectJDKLog.log(DirectJDKLog.java:173) - Initializing ProtocolHandler ["http-nio-14520"]
11:25:24.874 INFO  - org.apache.juli.logging.DirectJDKLog.log(DirectJDKLog.java:173) - Starting service [Tomcat]
11:25:24.875 INFO  - org.apache.juli.logging.DirectJDKLog.log(DirectJDKLog.java:173) - Starting Servlet engine: [Apache Tomcat/9.0.22]
11:25:25.197 INFO  - org.apache.juli.logging.DirectJDKLog.log(DirectJDKLog.java:173) - Initializing Spring embedded WebApplicationContext
11:25:25.894 INFO  - com.alibaba.druid.spring.boot.autoconfigure.DruidDataSourceAutoConfigure.dataSource(DruidDataSourceAutoConfigure.java:56) - Init DruidDataSource
11:25:37.890 INFO  - com.alibaba.druid.pool.DruidDataSource.init(DruidDataSource.java:930) - {dataSource-1} inited
11:25:40.688 INFO  - com.alibaba.druid.pool.DruidDataSource.close(DruidDataSource.java:1825) - {dataSource-1} closed
11:25:40.692 INFO  - org.apache.juli.logging.DirectJDKLog.log(DirectJDKLog.java:173) - Stopping service [Tomcat]
11:27:03.904 INFO  - org.springframework.boot.StartupInfoLogger.logStarting(StartupInfoLogger.java:50) - Starting TechonlineBooterApplication on DESKTOP-L26BA3P with PID 9008 (G:\technology\technology_online\backstage-spring\techonline-booter\target\classes started by jaywatson in G:\technology\technology_online\backstage-spring)
11:27:03.906 INFO  - org.springframework.boot.SpringApplication.logStartupProfileInfo(SpringApplication.java:651) - The following profiles are active: dev
11:27:05.563 INFO  - org.apache.juli.logging.DirectJDKLog.log(DirectJDKLog.java:173) - Initializing ProtocolHandler ["http-nio-14520"]
11:27:05.573 INFO  - org.apache.juli.logging.DirectJDKLog.log(DirectJDKLog.java:173) - Starting service [Tomcat]
11:27:05.573 INFO  - org.apache.juli.logging.DirectJDKLog.log(DirectJDKLog.java:173) - Starting Servlet engine: [Apache Tomcat/9.0.22]
11:27:05.782 INFO  - org.apache.juli.logging.DirectJDKLog.log(DirectJDKLog.java:173) - Initializing Spring embedded WebApplicationContext
11:27:06.110 INFO  - com.alibaba.druid.spring.boot.autoconfigure.DruidDataSourceAutoConfigure.dataSource(DruidDataSourceAutoConfigure.java:56) - Init DruidDataSource
11:27:13.889 INFO  - com.alibaba.druid.pool.DruidDataSource.init(DruidDataSource.java:930) - {dataSource-1} inited
11:27:14.104 INFO  - com.alibaba.druid.pool.DruidDataSource.close(DruidDataSource.java:1825) - {dataSource-1} closed
11:27:14.107 INFO  - org.apache.juli.logging.DirectJDKLog.log(DirectJDKLog.java:173) - Stopping service [Tomcat]
11:30:49.587 INFO  - org.springframework.boot.StartupInfoLogger.logStarting(StartupInfoLogger.java:50) - Starting TechonlineBooterApplication on DESKTOP-L26BA3P with PID 11868 (G:\technology\technology_online\backstage-spring\techonline-booter\target\classes started by jaywatson in G:\technology\technology_online\backstage-spring)
11:30:49.588 INFO  - org.springframework.boot.SpringApplication.logStartupProfileInfo(SpringApplication.java:651) - The following profiles are active: dev
11:30:51.115 INFO  - org.apache.juli.logging.DirectJDKLog.log(DirectJDKLog.java:173) - Initializing ProtocolHandler ["http-nio-14520"]
11:30:51.125 INFO  - org.apache.juli.logging.DirectJDKLog.log(DirectJDKLog.java:173) - Starting service [Tomcat]
11:30:51.126 INFO  - org.apache.juli.logging.DirectJDKLog.log(DirectJDKLog.java:173) - Starting Servlet engine: [Apache Tomcat/9.0.22]
11:30:51.282 INFO  - org.apache.juli.logging.DirectJDKLog.log(DirectJDKLog.java:173) - Initializing Spring embedded WebApplicationContext
11:30:51.589 INFO  - com.alibaba.druid.spring.boot.autoconfigure.DruidDataSourceAutoConfigure.dataSource(DruidDataSourceAutoConfigure.java:56) - Init DruidDataSource
11:31:00.934 INFO  - com.alibaba.druid.pool.DruidDataSource.init(DruidDataSource.java:930) - {dataSource-1} inited
11:31:01.160 INFO  - com.alibaba.druid.pool.DruidDataSource.close(DruidDataSource.java:1825) - {dataSource-1} closed
11:31:01.163 INFO  - org.apache.juli.logging.DirectJDKLog.log(DirectJDKLog.java:173) - Stopping service [Tomcat]
11:32:44.351 INFO  - org.springframework.boot.StartupInfoLogger.logStarting(StartupInfoLogger.java:50) - Starting TechonlineBooterApplication on DESKTOP-L26BA3P with PID 17484 (G:\technology\technology_online\backstage-spring\techonline-booter\target\classes started by jaywatson in G:\technology\technology_online\backstage-spring)
11:32:44.352 INFO  - org.springframework.boot.SpringApplication.logStartupProfileInfo(SpringApplication.java:651) - The following profiles are active: dev
11:32:45.915 INFO  - org.apache.juli.logging.DirectJDKLog.log(DirectJDKLog.java:173) - Initializing ProtocolHandler ["http-nio-14520"]
11:32:45.924 INFO  - org.apache.juli.logging.DirectJDKLog.log(DirectJDKLog.java:173) - Starting service [Tomcat]
11:32:45.924 INFO  - org.apache.juli.logging.DirectJDKLog.log(DirectJDKLog.java:173) - Starting Servlet engine: [Apache Tomcat/9.0.22]
11:32:46.108 INFO  - org.apache.juli.logging.DirectJDKLog.log(DirectJDKLog.java:173) - Initializing Spring embedded WebApplicationContext
11:32:46.421 INFO  - com.alibaba.druid.spring.boot.autoconfigure.DruidDataSourceAutoConfigure.dataSource(DruidDataSourceAutoConfigure.java:56) - Init DruidDataSource
11:32:54.788 INFO  - com.alibaba.druid.pool.DruidDataSource.init(DruidDataSource.java:930) - {dataSource-1} inited
11:32:55.624 INFO  - springfox.documentation.spring.web.PropertySourcedRequestMappingHandlerMapping.initHandlerMethods(PropertySourcedRequestMappingHandlerMapping.java:69) - Mapped URL path [/v2/api-docs] onto method [public org.springframework.http.ResponseEntity<springfox.documentation.spring.web.json.Json> springfox.documentation.swagger2.web.Swagger2Controller.getDocumentation(java.lang.String,javax.servlet.http.HttpServletRequest)]
11:32:56.156 INFO  - springfox.documentation.spring.web.plugins.DocumentationPluginsBootstrapper.start(DocumentationPluginsBootstrapper.java:160) - Context refreshed
11:32:56.216 INFO  - springfox.documentation.spring.web.plugins.DocumentationPluginsBootstrapper.start(DocumentationPluginsBootstrapper.java:163) - Found 1 custom documentation plugin(s)
11:32:56.264 INFO  - springfox.documentation.spring.web.scanners.ApiListingReferenceScanner.scan(ApiListingReferenceScanner.java:41) - Scanning for api listing references
11:32:56.528 INFO  - org.apache.juli.logging.DirectJDKLog.log(DirectJDKLog.java:173) - Starting ProtocolHandler ["http-nio-14520"]
11:32:56.706 INFO  - org.springframework.boot.StartupInfoLogger.logStarted(StartupInfoLogger.java:59) - Started TechonlineBooterApplication in 12.959 seconds (JVM running for 14.493)
11:33:06.722 INFO  - org.apache.juli.logging.DirectJDKLog.log(DirectJDKLog.java:173) - Initializing Spring DispatcherServlet 'dispatcherServlet'
11:33:08.819 INFO  - com.github.dozermapper.core.util.RuntimeUtils.isOSGi(RuntimeUtils.java:53) - OSGi support is false
11:33:08.831 INFO  - com.github.dozermapper.core.DozerBeanMapperBuilder.build(DozerBeanMapperBuilder.java:544) - Initializing Dozer. Version: 6.4.1, Thread Name: http-nio-14520-exec-1
11:33:08.838 INFO  - com.github.dozermapper.core.config.resolvers.LegacyPropertiesSettingsResolver.processFile(LegacyPropertiesSettingsResolver.java:60) - Trying to find Dozer configuration file: dozer.properties
11:33:08.839 INFO  - com.github.dozermapper.core.config.resolvers.LegacyPropertiesSettingsResolver.processFile(LegacyPropertiesSettingsResolver.java:63) - Failed to find dozer.properties via com.github.dozermapper.core.config.resolvers.LegacyPropertiesSettingsResolver.
11:33:08.853 WARN  - com.github.dozermapper.core.el.ELExpressionFactory.isSupported(ELExpressionFactory.java:60) - javax.el is not supported; Failed to resolve ExpressionFactory, com.sun.el.ExpressionFactoryImpl
11:33:24.569 INFO  - com.alibaba.druid.pool.DruidDataSource.close(DruidDataSource.java:1825) - {dataSource-1} closed
