15:14:37.937 INFO  - org.springframework.boot.StartupInfoLogger.logStarting(StartupInfoLogger.java:50) - Starting TechonlineBooterApplication on DESKTOP-S9S1GFI with PID 24292 (F:\technology_online\backstage-spring\techonline-booter\target\classes started by Jaywatson in F:\technology_online\backstage-spring)
15:14:37.938 INFO  - org.springframework.boot.SpringApplication.logStartupProfileInfo(SpringApplication.java:651) - The following profiles are active: dev
15:14:39.132 INFO  - org.apache.juli.logging.DirectJDKLog.log(DirectJDKLog.java:173) - Initializing ProtocolHandler ["http-nio-14520"]
15:14:39.138 INFO  - org.apache.juli.logging.DirectJDKLog.log(DirectJDKLog.java:173) - Starting service [Tomcat]
15:14:39.139 INFO  - org.apache.juli.logging.DirectJDKLog.log(DirectJDKLog.java:173) - Starting Servlet engine: [Apache Tomcat/9.0.22]
15:14:39.265 INFO  - org.apache.juli.logging.DirectJDKLog.log(DirectJDKLog.java:173) - Initializing Spring embedded WebApplicationContext
15:14:39.565 INFO  - com.alibaba.druid.spring.boot.autoconfigure.DruidDataSourceAutoConfigure.dataSource(DruidDataSourceAutoConfigure.java:56) - Init DruidDataSource
15:15:05.252 INFO  - com.alibaba.druid.pool.DruidDataSource.init(DruidDataSource.java:930) - {dataSource-1} inited
15:15:05.699 INFO  - springfox.documentation.spring.web.PropertySourcedRequestMappingHandlerMapping.initHandlerMethods(PropertySourcedRequestMappingHandlerMapping.java:69) - Mapped URL path [/v2/api-docs] onto method [public org.springframework.http.ResponseEntity<springfox.documentation.spring.web.json.Json> springfox.documentation.swagger2.web.Swagger2Controller.getDocumentation(java.lang.String,javax.servlet.http.HttpServletRequest)]
15:15:05.911 INFO  - springfox.documentation.spring.web.plugins.DocumentationPluginsBootstrapper.start(DocumentationPluginsBootstrapper.java:160) - Context refreshed
15:15:05.927 INFO  - springfox.documentation.spring.web.plugins.DocumentationPluginsBootstrapper.start(DocumentationPluginsBootstrapper.java:163) - Found 1 custom documentation plugin(s)
15:15:05.953 INFO  - springfox.documentation.spring.web.scanners.ApiListingReferenceScanner.scan(ApiListingReferenceScanner.java:41) - Scanning for api listing references
15:15:06.085 INFO  - org.apache.juli.logging.DirectJDKLog.log(DirectJDKLog.java:173) - Starting ProtocolHandler ["http-nio-14520"]
15:15:06.104 INFO  - org.springframework.boot.StartupInfoLogger.logStarted(StartupInfoLogger.java:59) - Started TechonlineBooterApplication in 28.482 seconds (JVM running for 31.204)
15:16:39.589 INFO  - org.apache.juli.logging.DirectJDKLog.log(DirectJDKLog.java:173) - Initializing Spring DispatcherServlet 'dispatcherServlet'
15:17:22.402 INFO  - com.alibaba.druid.pool.DruidDataSource.close(DruidDataSource.java:1825) - {dataSource-1} closed
15:17:25.766 INFO  - org.springframework.boot.StartupInfoLogger.logStarting(StartupInfoLogger.java:50) - Starting TechonlineBooterApplication on DESKTOP-S9S1GFI with PID 23476 (F:\technology_online\backstage-spring\techonline-booter\target\classes started by Jaywatson in F:\technology_online\backstage-spring)
15:17:25.767 INFO  - org.springframework.boot.SpringApplication.logStartupProfileInfo(SpringApplication.java:651) - The following profiles are active: dev
15:17:26.741 INFO  - org.apache.juli.logging.DirectJDKLog.log(DirectJDKLog.java:173) - Initializing ProtocolHandler ["http-nio-14520"]
15:17:26.746 INFO  - org.apache.juli.logging.DirectJDKLog.log(DirectJDKLog.java:173) - Starting service [Tomcat]
15:17:26.747 INFO  - org.apache.juli.logging.DirectJDKLog.log(DirectJDKLog.java:173) - Starting Servlet engine: [Apache Tomcat/9.0.22]
15:17:26.864 INFO  - org.apache.juli.logging.DirectJDKLog.log(DirectJDKLog.java:173) - Initializing Spring embedded WebApplicationContext
15:17:27.070 INFO  - com.alibaba.druid.spring.boot.autoconfigure.DruidDataSourceAutoConfigure.dataSource(DruidDataSourceAutoConfigure.java:56) - Init DruidDataSource
15:18:15.120 INFO  - com.alibaba.druid.pool.DruidDataSource.init(DruidDataSource.java:930) - {dataSource-1} inited
15:18:15.501 INFO  - springfox.documentation.spring.web.PropertySourcedRequestMappingHandlerMapping.initHandlerMethods(PropertySourcedRequestMappingHandlerMapping.java:69) - Mapped URL path [/v2/api-docs] onto method [public org.springframework.http.ResponseEntity<springfox.documentation.spring.web.json.Json> springfox.documentation.swagger2.web.Swagger2Controller.getDocumentation(java.lang.String,javax.servlet.http.HttpServletRequest)]
15:18:15.702 INFO  - springfox.documentation.spring.web.plugins.DocumentationPluginsBootstrapper.start(DocumentationPluginsBootstrapper.java:160) - Context refreshed
15:18:15.716 INFO  - springfox.documentation.spring.web.plugins.DocumentationPluginsBootstrapper.start(DocumentationPluginsBootstrapper.java:163) - Found 1 custom documentation plugin(s)
15:18:15.741 INFO  - springfox.documentation.spring.web.scanners.ApiListingReferenceScanner.scan(ApiListingReferenceScanner.java:41) - Scanning for api listing references
15:18:15.864 INFO  - org.apache.juli.logging.DirectJDKLog.log(DirectJDKLog.java:173) - Starting ProtocolHandler ["http-nio-14520"]
15:18:15.894 INFO  - org.springframework.boot.StartupInfoLogger.logStarted(StartupInfoLogger.java:59) - Started TechonlineBooterApplication in 50.402 seconds (JVM running for 51.348)
15:18:29.932 INFO  - org.apache.juli.logging.DirectJDKLog.log(DirectJDKLog.java:173) - Initializing Spring DispatcherServlet 'dispatcherServlet'
15:19:10.862 INFO  - com.alibaba.druid.pool.DruidDataSource.close(DruidDataSource.java:1825) - {dataSource-1} closed
15:25:36.939 INFO  - org.springframework.boot.StartupInfoLogger.logStarting(StartupInfoLogger.java:50) - Starting TechonlineBooterApplication on DESKTOP-S9S1GFI with PID 3416 (F:\technology_online\backstage-spring\techonline-booter\target\classes started by Jaywatson in F:\technology_online\backstage-spring)
15:25:36.939 INFO  - org.springframework.boot.SpringApplication.logStartupProfileInfo(SpringApplication.java:651) - The following profiles are active: dev
15:25:37.911 INFO  - org.apache.juli.logging.DirectJDKLog.log(DirectJDKLog.java:173) - Initializing ProtocolHandler ["http-nio-14520"]
15:25:37.917 INFO  - org.apache.juli.logging.DirectJDKLog.log(DirectJDKLog.java:173) - Starting service [Tomcat]
15:25:37.917 INFO  - org.apache.juli.logging.DirectJDKLog.log(DirectJDKLog.java:173) - Starting Servlet engine: [Apache Tomcat/9.0.22]
15:25:38.037 INFO  - org.apache.juli.logging.DirectJDKLog.log(DirectJDKLog.java:173) - Initializing Spring embedded WebApplicationContext
15:25:38.250 INFO  - com.alibaba.druid.spring.boot.autoconfigure.DruidDataSourceAutoConfigure.dataSource(DruidDataSourceAutoConfigure.java:56) - Init DruidDataSource
15:26:05.255 INFO  - com.alibaba.druid.pool.DruidDataSource.init(DruidDataSource.java:930) - {dataSource-1} inited
15:26:05.647 INFO  - springfox.documentation.spring.web.PropertySourcedRequestMappingHandlerMapping.initHandlerMethods(PropertySourcedRequestMappingHandlerMapping.java:69) - Mapped URL path [/v2/api-docs] onto method [public org.springframework.http.ResponseEntity<springfox.documentation.spring.web.json.Json> springfox.documentation.swagger2.web.Swagger2Controller.getDocumentation(java.lang.String,javax.servlet.http.HttpServletRequest)]
15:26:05.861 INFO  - springfox.documentation.spring.web.plugins.DocumentationPluginsBootstrapper.start(DocumentationPluginsBootstrapper.java:160) - Context refreshed
15:26:05.875 INFO  - springfox.documentation.spring.web.plugins.DocumentationPluginsBootstrapper.start(DocumentationPluginsBootstrapper.java:163) - Found 1 custom documentation plugin(s)
15:26:05.901 INFO  - springfox.documentation.spring.web.scanners.ApiListingReferenceScanner.scan(ApiListingReferenceScanner.java:41) - Scanning for api listing references
15:26:06.030 INFO  - org.apache.juli.logging.DirectJDKLog.log(DirectJDKLog.java:173) - Starting ProtocolHandler ["http-nio-14520"]
15:26:06.050 INFO  - org.springframework.boot.StartupInfoLogger.logStarted(StartupInfoLogger.java:59) - Started TechonlineBooterApplication in 29.398 seconds (JVM running for 30.311)
15:26:16.948 INFO  - org.apache.juli.logging.DirectJDKLog.log(DirectJDKLog.java:173) - Initializing Spring DispatcherServlet 'dispatcherServlet'
15:38:24.379 INFO  - com.alibaba.druid.pool.DruidDataSource.close(DruidDataSource.java:1825) - {dataSource-1} closed
15:38:28.186 INFO  - org.springframework.boot.StartupInfoLogger.logStarting(StartupInfoLogger.java:50) - Starting TechonlineBooterApplication on DESKTOP-S9S1GFI with PID 24408 (F:\technology_online\backstage-spring\techonline-booter\target\classes started by Jaywatson in F:\technology_online\backstage-spring)
15:38:28.186 INFO  - org.springframework.boot.SpringApplication.logStartupProfileInfo(SpringApplication.java:651) - The following profiles are active: dev
15:38:29.166 INFO  - org.apache.juli.logging.DirectJDKLog.log(DirectJDKLog.java:173) - Initializing ProtocolHandler ["http-nio-14520"]
15:38:29.172 INFO  - org.apache.juli.logging.DirectJDKLog.log(DirectJDKLog.java:173) - Starting service [Tomcat]
15:38:29.172 INFO  - org.apache.juli.logging.DirectJDKLog.log(DirectJDKLog.java:173) - Starting Servlet engine: [Apache Tomcat/9.0.22]
15:38:29.290 INFO  - org.apache.juli.logging.DirectJDKLog.log(DirectJDKLog.java:173) - Initializing Spring embedded WebApplicationContext
15:38:29.502 INFO  - com.alibaba.druid.spring.boot.autoconfigure.DruidDataSourceAutoConfigure.dataSource(DruidDataSourceAutoConfigure.java:56) - Init DruidDataSource
15:39:06.305 INFO  - com.alibaba.druid.pool.DruidDataSource.init(DruidDataSource.java:930) - {dataSource-1} inited
15:39:06.699 INFO  - springfox.documentation.spring.web.PropertySourcedRequestMappingHandlerMapping.initHandlerMethods(PropertySourcedRequestMappingHandlerMapping.java:69) - Mapped URL path [/v2/api-docs] onto method [public org.springframework.http.ResponseEntity<springfox.documentation.spring.web.json.Json> springfox.documentation.swagger2.web.Swagger2Controller.getDocumentation(java.lang.String,javax.servlet.http.HttpServletRequest)]
15:39:06.920 INFO  - springfox.documentation.spring.web.plugins.DocumentationPluginsBootstrapper.start(DocumentationPluginsBootstrapper.java:160) - Context refreshed
15:39:06.934 INFO  - springfox.documentation.spring.web.plugins.DocumentationPluginsBootstrapper.start(DocumentationPluginsBootstrapper.java:163) - Found 1 custom documentation plugin(s)
15:39:06.961 INFO  - springfox.documentation.spring.web.scanners.ApiListingReferenceScanner.scan(ApiListingReferenceScanner.java:41) - Scanning for api listing references
15:39:07.097 INFO  - org.apache.juli.logging.DirectJDKLog.log(DirectJDKLog.java:173) - Starting ProtocolHandler ["http-nio-14520"]
15:39:07.119 INFO  - org.springframework.boot.StartupInfoLogger.logStarted(StartupInfoLogger.java:59) - Started TechonlineBooterApplication in 39.203 seconds (JVM running for 40.127)
15:39:29.637 INFO  - org.apache.juli.logging.DirectJDKLog.log(DirectJDKLog.java:173) - Initializing Spring DispatcherServlet 'dispatcherServlet'
15:39:30.130 INFO  - com.github.dozermapper.core.util.RuntimeUtils.isOSGi(RuntimeUtils.java:53) - OSGi support is false
15:39:30.135 INFO  - com.github.dozermapper.core.DozerBeanMapperBuilder.build(DozerBeanMapperBuilder.java:544) - Initializing Dozer. Version: 6.4.1, Thread Name: http-nio-14520-exec-1
15:39:30.140 INFO  - com.github.dozermapper.core.config.resolvers.LegacyPropertiesSettingsResolver.processFile(LegacyPropertiesSettingsResolver.java:60) - Trying to find Dozer configuration file: dozer.properties
15:39:30.140 INFO  - com.github.dozermapper.core.config.resolvers.LegacyPropertiesSettingsResolver.processFile(LegacyPropertiesSettingsResolver.java:63) - Failed to find dozer.properties via com.github.dozermapper.core.config.resolvers.LegacyPropertiesSettingsResolver.
15:39:30.144 WARN  - com.github.dozermapper.core.el.ELExpressionFactory.isSupported(ELExpressionFactory.java:60) - javax.el is not supported; Failed to resolve ExpressionFactory, com.sun.el.ExpressionFactoryImpl
15:51:49.875 INFO  - com.alibaba.druid.pool.DruidDataSource.close(DruidDataSource.java:1825) - {dataSource-1} closed
16:03:55.473 INFO  - org.springframework.boot.StartupInfoLogger.logStarting(StartupInfoLogger.java:50) - Starting TechonlineBooterApplication on DESKTOP-S9S1GFI with PID 20108 (F:\technology_online\backstage-spring\techonline-booter\target\classes started by Jaywatson in F:\technology_online\backstage-spring)
16:03:55.474 INFO  - org.springframework.boot.SpringApplication.logStartupProfileInfo(SpringApplication.java:651) - The following profiles are active: dev
16:03:56.476 INFO  - org.apache.juli.logging.DirectJDKLog.log(DirectJDKLog.java:173) - Initializing ProtocolHandler ["http-nio-14520"]
16:03:56.483 INFO  - org.apache.juli.logging.DirectJDKLog.log(DirectJDKLog.java:173) - Starting service [Tomcat]
16:03:56.484 INFO  - org.apache.juli.logging.DirectJDKLog.log(DirectJDKLog.java:173) - Starting Servlet engine: [Apache Tomcat/9.0.22]
16:03:56.610 INFO  - org.apache.juli.logging.DirectJDKLog.log(DirectJDKLog.java:173) - Initializing Spring embedded WebApplicationContext
16:03:56.799 INFO  - com.alibaba.druid.spring.boot.autoconfigure.DruidDataSourceAutoConfigure.dataSource(DruidDataSourceAutoConfigure.java:56) - Init DruidDataSource
16:04:34.331 INFO  - com.alibaba.druid.pool.DruidDataSource.init(DruidDataSource.java:930) - {dataSource-1} inited
16:04:34.731 INFO  - springfox.documentation.spring.web.PropertySourcedRequestMappingHandlerMapping.initHandlerMethods(PropertySourcedRequestMappingHandlerMapping.java:69) - Mapped URL path [/v2/api-docs] onto method [public org.springframework.http.ResponseEntity<springfox.documentation.spring.web.json.Json> springfox.documentation.swagger2.web.Swagger2Controller.getDocumentation(java.lang.String,javax.servlet.http.HttpServletRequest)]
16:04:34.941 INFO  - springfox.documentation.spring.web.plugins.DocumentationPluginsBootstrapper.start(DocumentationPluginsBootstrapper.java:160) - Context refreshed
16:04:34.954 INFO  - springfox.documentation.spring.web.plugins.DocumentationPluginsBootstrapper.start(DocumentationPluginsBootstrapper.java:163) - Found 1 custom documentation plugin(s)
16:04:34.982 INFO  - springfox.documentation.spring.web.scanners.ApiListingReferenceScanner.scan(ApiListingReferenceScanner.java:41) - Scanning for api listing references
16:04:35.111 INFO  - org.apache.juli.logging.DirectJDKLog.log(DirectJDKLog.java:173) - Starting ProtocolHandler ["http-nio-14520"]
16:04:35.119 ERROR - org.apache.juli.logging.DirectJDKLog.log(DirectJDKLog.java:175) - Failed to start component [Connector[HTTP/1.1-14520]]
org.apache.catalina.LifecycleException: Protocol handler start failed
	at org.apache.catalina.connector.Connector.startInternal(Connector.java:1008) ~[tomcat-embed-core-9.0.22.jar:9.0.22]
	at org.apache.catalina.util.LifecycleBase.start(LifecycleBase.java:183) [tomcat-embed-core-9.0.22.jar:9.0.22]
	at org.apache.catalina.core.StandardService.addConnector(StandardService.java:227) [tomcat-embed-core-9.0.22.jar:9.0.22]
	at org.springframework.boot.web.embedded.tomcat.TomcatWebServer.addPreviouslyRemovedConnectors(TomcatWebServer.java:263) [spring-boot-2.1.7.RELEASE.jar:2.1.7.RELEASE]
	at org.springframework.boot.web.embedded.tomcat.TomcatWebServer.start(TomcatWebServer.java:195) [spring-boot-2.1.7.RELEASE.jar:2.1.7.RELEASE]
	at org.springframework.boot.web.servlet.context.ServletWebServerApplicationContext.startWebServer(ServletWebServerApplicationContext.java:297) [spring-boot-2.1.7.RELEASE.jar:2.1.7.RELEASE]
	at org.springframework.boot.web.servlet.context.ServletWebServerApplicationContext.finishRefresh(ServletWebServerApplicationContext.java:163) [spring-boot-2.1.7.RELEASE.jar:2.1.7.RELEASE]
	at org.springframework.context.support.AbstractApplicationContext.refresh(AbstractApplicationContext.java:552) [spring-context-5.1.9.RELEASE.jar:5.1.9.RELEASE]
	at org.springframework.boot.web.servlet.context.ServletWebServerApplicationContext.refresh(ServletWebServerApplicationContext.java:141) [spring-boot-2.1.7.RELEASE.jar:2.1.7.RELEASE]
	at org.springframework.boot.SpringApplication.refresh(SpringApplication.java:743) [spring-boot-2.1.7.RELEASE.jar:2.1.7.RELEASE]
	at org.springframework.boot.SpringApplication.refreshContext(SpringApplication.java:390) [spring-boot-2.1.7.RELEASE.jar:2.1.7.RELEASE]
	at org.springframework.boot.SpringApplication.run(SpringApplication.java:312) [spring-boot-2.1.7.RELEASE.jar:2.1.7.RELEASE]
	at org.springframework.boot.SpringApplication.run(SpringApplication.java:1214) [spring-boot-2.1.7.RELEASE.jar:2.1.7.RELEASE]
	at org.springframework.boot.SpringApplication.run(SpringApplication.java:1203) [spring-boot-2.1.7.RELEASE.jar:2.1.7.RELEASE]
	at com.learning.techonlinebooter.TechonlineBooterApplication.main(TechonlineBooterApplication.java:12) [classes/:?]
Caused by: java.net.BindException: Address already in use: bind
	at sun.nio.ch.Net.bind0(Native Method) ~[?:1.8.0_171]
	at sun.nio.ch.Net.bind(Net.java:433) ~[?:1.8.0_171]
	at sun.nio.ch.Net.bind(Net.java:425) ~[?:1.8.0_171]
	at sun.nio.ch.ServerSocketChannelImpl.bind(ServerSocketChannelImpl.java:223) ~[?:1.8.0_171]
	at sun.nio.ch.ServerSocketAdaptor.bind(ServerSocketAdaptor.java:74) ~[?:1.8.0_171]
	at org.apache.tomcat.util.net.NioEndpoint.initServerSocket(NioEndpoint.java:230) ~[tomcat-embed-core-9.0.22.jar:9.0.22]
	at org.apache.tomcat.util.net.NioEndpoint.bind(NioEndpoint.java:213) ~[tomcat-embed-core-9.0.22.jar:9.0.22]
	at org.apache.tomcat.util.net.AbstractEndpoint.bindWithCleanup(AbstractEndpoint.java:1124) ~[tomcat-embed-core-9.0.22.jar:9.0.22]
	at org.apache.tomcat.util.net.AbstractEndpoint.start(AbstractEndpoint.java:1210) ~[tomcat-embed-core-9.0.22.jar:9.0.22]
	at org.apache.coyote.AbstractProtocol.start(AbstractProtocol.java:585) ~[tomcat-embed-core-9.0.22.jar:9.0.22]
	at org.apache.catalina.connector.Connector.startInternal(Connector.java:1005) ~[tomcat-embed-core-9.0.22.jar:9.0.22]
	... 14 more
16:04:35.129 INFO  - org.apache.juli.logging.DirectJDKLog.log(DirectJDKLog.java:173) - Pausing ProtocolHandler ["http-nio-14520"]
16:04:35.130 INFO  - org.apache.juli.logging.DirectJDKLog.log(DirectJDKLog.java:173) - Stopping service [Tomcat]
16:04:35.133 INFO  - org.apache.juli.logging.DirectJDKLog.log(DirectJDKLog.java:173) - The stop() method was called on component [StandardServer[-1]] after stop() had already been called. The second call will be ignored.
16:04:35.134 INFO  - org.apache.juli.logging.DirectJDKLog.log(DirectJDKLog.java:173) - Stopping ProtocolHandler ["http-nio-14520"]
16:04:35.134 INFO  - org.apache.juli.logging.DirectJDKLog.log(DirectJDKLog.java:173) - Destroying ProtocolHandler ["http-nio-14520"]
16:04:35.146 INFO  - com.alibaba.druid.pool.DruidDataSource.close(DruidDataSource.java:1825) - {dataSource-1} closed
16:05:40.950 INFO  - org.springframework.boot.StartupInfoLogger.logStarting(StartupInfoLogger.java:50) - Starting TechonlineBooterApplication on DESKTOP-S9S1GFI with PID 19104 (F:\technology_online\backstage-spring\techonline-booter\target\classes started by Jaywatson in F:\technology_online\backstage-spring)
16:05:40.950 INFO  - org.springframework.boot.SpringApplication.logStartupProfileInfo(SpringApplication.java:651) - The following profiles are active: dev
16:05:42.035 INFO  - org.apache.juli.logging.DirectJDKLog.log(DirectJDKLog.java:173) - Initializing ProtocolHandler ["http-nio-14520"]
16:05:42.041 INFO  - org.apache.juli.logging.DirectJDKLog.log(DirectJDKLog.java:173) - Starting service [Tomcat]
16:05:42.042 INFO  - org.apache.juli.logging.DirectJDKLog.log(DirectJDKLog.java:173) - Starting Servlet engine: [Apache Tomcat/9.0.22]
16:05:42.179 INFO  - org.apache.juli.logging.DirectJDKLog.log(DirectJDKLog.java:173) - Initializing Spring embedded WebApplicationContext
16:05:42.407 INFO  - com.alibaba.druid.spring.boot.autoconfigure.DruidDataSourceAutoConfigure.dataSource(DruidDataSourceAutoConfigure.java:56) - Init DruidDataSource
16:06:19.171 INFO  - com.alibaba.druid.pool.DruidDataSource.init(DruidDataSource.java:930) - {dataSource-1} inited
16:06:19.575 INFO  - springfox.documentation.spring.web.PropertySourcedRequestMappingHandlerMapping.initHandlerMethods(PropertySourcedRequestMappingHandlerMapping.java:69) - Mapped URL path [/v2/api-docs] onto method [public org.springframework.http.ResponseEntity<springfox.documentation.spring.web.json.Json> springfox.documentation.swagger2.web.Swagger2Controller.getDocumentation(java.lang.String,javax.servlet.http.HttpServletRequest)]
16:06:19.785 INFO  - springfox.documentation.spring.web.plugins.DocumentationPluginsBootstrapper.start(DocumentationPluginsBootstrapper.java:160) - Context refreshed
16:06:19.798 INFO  - springfox.documentation.spring.web.plugins.DocumentationPluginsBootstrapper.start(DocumentationPluginsBootstrapper.java:163) - Found 1 custom documentation plugin(s)
16:06:19.825 INFO  - springfox.documentation.spring.web.scanners.ApiListingReferenceScanner.scan(ApiListingReferenceScanner.java:41) - Scanning for api listing references
16:06:19.956 INFO  - org.apache.juli.logging.DirectJDKLog.log(DirectJDKLog.java:173) - Starting ProtocolHandler ["http-nio-14520"]
16:06:19.978 INFO  - org.springframework.boot.StartupInfoLogger.logStarted(StartupInfoLogger.java:59) - Started TechonlineBooterApplication in 39.318 seconds (JVM running for 40.24)
16:06:34.340 INFO  - org.apache.juli.logging.DirectJDKLog.log(DirectJDKLog.java:173) - Initializing Spring DispatcherServlet 'dispatcherServlet'
16:10:31.925 INFO  - com.alibaba.druid.pool.DruidDataSource.close(DruidDataSource.java:1825) - {dataSource-1} closed
16:10:35.077 INFO  - org.springframework.boot.StartupInfoLogger.logStarting(StartupInfoLogger.java:50) - Starting TechonlineBooterApplication on DESKTOP-S9S1GFI with PID 8276 (F:\technology_online\backstage-spring\techonline-booter\target\classes started by Jaywatson in F:\technology_online\backstage-spring)
16:10:35.078 INFO  - org.springframework.boot.SpringApplication.logStartupProfileInfo(SpringApplication.java:651) - The following profiles are active: dev
16:10:36.085 INFO  - org.apache.juli.logging.DirectJDKLog.log(DirectJDKLog.java:173) - Initializing ProtocolHandler ["http-nio-14520"]
16:10:36.090 INFO  - org.apache.juli.logging.DirectJDKLog.log(DirectJDKLog.java:173) - Starting service [Tomcat]
16:10:36.091 INFO  - org.apache.juli.logging.DirectJDKLog.log(DirectJDKLog.java:173) - Starting Servlet engine: [Apache Tomcat/9.0.22]
16:10:36.215 INFO  - org.apache.juli.logging.DirectJDKLog.log(DirectJDKLog.java:173) - Initializing Spring embedded WebApplicationContext
16:10:36.401 INFO  - com.alibaba.druid.spring.boot.autoconfigure.DruidDataSourceAutoConfigure.dataSource(DruidDataSourceAutoConfigure.java:56) - Init DruidDataSource
16:11:13.229 INFO  - com.alibaba.druid.pool.DruidDataSource.init(DruidDataSource.java:930) - {dataSource-1} inited
16:11:13.642 INFO  - springfox.documentation.spring.web.PropertySourcedRequestMappingHandlerMapping.initHandlerMethods(PropertySourcedRequestMappingHandlerMapping.java:69) - Mapped URL path [/v2/api-docs] onto method [public org.springframework.http.ResponseEntity<springfox.documentation.spring.web.json.Json> springfox.documentation.swagger2.web.Swagger2Controller.getDocumentation(java.lang.String,javax.servlet.http.HttpServletRequest)]
16:11:13.868 INFO  - springfox.documentation.spring.web.plugins.DocumentationPluginsBootstrapper.start(DocumentationPluginsBootstrapper.java:160) - Context refreshed
16:11:13.884 INFO  - springfox.documentation.spring.web.plugins.DocumentationPluginsBootstrapper.start(DocumentationPluginsBootstrapper.java:163) - Found 1 custom documentation plugin(s)
16:11:13.914 INFO  - springfox.documentation.spring.web.scanners.ApiListingReferenceScanner.scan(ApiListingReferenceScanner.java:41) - Scanning for api listing references
16:11:14.050 INFO  - org.apache.juli.logging.DirectJDKLog.log(DirectJDKLog.java:173) - Starting ProtocolHandler ["http-nio-14520"]
16:11:14.072 INFO  - org.springframework.boot.StartupInfoLogger.logStarted(StartupInfoLogger.java:59) - Started TechonlineBooterApplication in 39.291 seconds (JVM running for 40.313)
16:11:18.065 INFO  - org.apache.juli.logging.DirectJDKLog.log(DirectJDKLog.java:173) - Initializing Spring DispatcherServlet 'dispatcherServlet'
16:12:05.188 INFO  - com.github.dozermapper.core.util.RuntimeUtils.isOSGi(RuntimeUtils.java:53) - OSGi support is false
16:12:05.192 INFO  - com.github.dozermapper.core.DozerBeanMapperBuilder.build(DozerBeanMapperBuilder.java:544) - Initializing Dozer. Version: 6.4.1, Thread Name: http-nio-14520-exec-7
16:12:05.196 INFO  - com.github.dozermapper.core.config.resolvers.LegacyPropertiesSettingsResolver.processFile(LegacyPropertiesSettingsResolver.java:60) - Trying to find Dozer configuration file: dozer.properties
16:12:05.197 INFO  - com.github.dozermapper.core.config.resolvers.LegacyPropertiesSettingsResolver.processFile(LegacyPropertiesSettingsResolver.java:63) - Failed to find dozer.properties via com.github.dozermapper.core.config.resolvers.LegacyPropertiesSettingsResolver.
16:12:05.200 WARN  - com.github.dozermapper.core.el.ELExpressionFactory.isSupported(ELExpressionFactory.java:60) - javax.el is not supported; Failed to resolve ExpressionFactory, com.sun.el.ExpressionFactoryImpl
16:13:13.272 INFO  - com.alibaba.druid.pool.DruidDataSource.close(DruidDataSource.java:1825) - {dataSource-1} closed
