15:34:15.091 DEBUG - org.hibernate.validator.messageinterpolation.ResourceBundleMessageInterpolator.buildExpressionFactory(ResourceBundleMessageInterpolator.java:89) - Loaded expression factory via original TCCL
15:34:15.103 DEBUG - org.hibernate.validator.internal.engine.ValidatorFactoryImpl.logValidatorFactoryScopedConfiguration(ValidatorFactoryImpl.java:578) - HV000234: Using org.hibernate.validator.messageinterpolation.ResourceBundleMessageInterpolator as ValidatorFactory-scoped message interpolator.
15:34:15.103 DEBUG - org.hibernate.validator.internal.engine.ValidatorFactoryImpl.logValidatorFactoryScopedConfiguration(ValidatorFactoryImpl.java:579) - HV000234: Using org.hibernate.validator.internal.engine.resolver.TraverseAllTraversableResolver as ValidatorFactory-scoped traversable resolver.
15:34:15.103 DEBUG - org.hibernate.validator.internal.engine.ValidatorFactoryImpl.logValidatorFactoryScopedConfiguration(ValidatorFactoryImpl.java:580) - HV000234: Using org.hibernate.validator.internal.util.ExecutableParameterNameProvider as ValidatorFactory-scoped parameter name provider.
15:34:15.103 DEBUG - org.hibernate.validator.internal.engine.ValidatorFactoryImpl.logValidatorFactoryScopedConfiguration(ValidatorFactoryImpl.java:581) - HV000234: Using org.hibernate.validator.internal.engine.DefaultClockProvider as ValidatorFactory-scoped clock provider.
15:34:15.104 DEBUG - org.hibernate.validator.internal.engine.ValidatorFactoryImpl.logValidatorFactoryScopedConfiguration(ValidatorFactoryImpl.java:582) - HV000234: Using org.hibernate.validator.internal.engine.scripting.DefaultScriptEvaluatorFactory as ValidatorFactory-scoped script evaluator factory.
15:34:15.189 INFO  - org.springframework.boot.StartupInfoLogger.logStarting(StartupInfoLogger.java:50) - Starting TechonlineBooterApplication on DESKTOP-L26BA3P with PID 16084 (G:\technology\technology_online\backstage-spring\techonline-booter\target\classes started by jaywatson in G:\technology\technology_online\backstage-spring)
15:34:15.190 DEBUG - org.springframework.boot.StartupInfoLogger.logStarting(StartupInfoLogger.java:53) - Running with Spring Boot v2.1.7.RELEASE, Spring v5.1.9.RELEASE
15:34:15.190 INFO  - org.springframework.boot.SpringApplication.logStartupProfileInfo(SpringApplication.java:651) - The following profiles are active: dev
15:34:15.901 DEBUG - org.apache.ibatis.logging.LogFactory.setImplementation(LogFactory.java:105) - Logging initialized using 'class org.apache.ibatis.logging.slf4j.Slf4jImpl' adapter.
15:34:16.055 DEBUG - com.baomidou.mybatisplus.autoconfigure.MybatisPlusAutoConfiguration$AutoConfiguredMapperScannerRegistrar.registerBeanDefinitions(MybatisPlusAutoConfiguration.java:248) - Searching for mappers annotated with @Mapper
15:34:16.056 DEBUG - com.baomidou.mybatisplus.autoconfigure.MybatisPlusAutoConfiguration$AutoConfiguredMapperScannerRegistrar.lambda$registerBeanDefinitions$0(MybatisPlusAutoConfiguration.java:252) - Using auto-configuration base package 'com.learning.techonlinebooter'
15:34:16.683 INFO  - org.apache.juli.logging.DirectJDKLog.log(DirectJDKLog.java:173) - Initializing ProtocolHandler ["http-nio-14520"]
15:34:16.694 INFO  - org.apache.juli.logging.DirectJDKLog.log(DirectJDKLog.java:173) - Starting service [Tomcat]
15:34:16.695 INFO  - org.apache.juli.logging.DirectJDKLog.log(DirectJDKLog.java:173) - Starting Servlet engine: [Apache Tomcat/9.0.22]
15:34:16.886 INFO  - org.apache.juli.logging.DirectJDKLog.log(DirectJDKLog.java:173) - Initializing Spring embedded WebApplicationContext
15:34:16.926 DEBUG - com.github.xiaoymin.swaggerbootstrapui.configuration.SecurityConfiguration.productionSecurityFilter(SecurityConfiguration.java:39) - swagger.production:null
15:34:17.442 DEBUG - springfox.documentation.spring.web.PropertySourcedRequestMappingHandlerMapping.initHandlerMethods(PropertySourcedRequestMappingHandlerMapping.java:54) - initialising the handler methods
15:34:17.444 INFO  - springfox.documentation.spring.web.PropertySourcedRequestMappingHandlerMapping.initHandlerMethods(PropertySourcedRequestMappingHandlerMapping.java:69) - Mapped URL path [/v2/api-docs] onto method [public org.springframework.http.ResponseEntity<springfox.documentation.spring.web.json.Json> springfox.documentation.swagger2.web.Swagger2Controller.getDocumentation(java.lang.String,javax.servlet.http.HttpServletRequest)]
15:34:17.470 DEBUG - org.hibernate.validator.internal.engine.resolver.TraversableResolvers.getDefault(TraversableResolvers.java:60) - Cannot find javax.persistence.Persistence on classpath. Assuming non JPA 2 environment. All properties will per default be traversable.
15:34:17.471 DEBUG - org.hibernate.validator.messageinterpolation.ResourceBundleMessageInterpolator.buildExpressionFactory(ResourceBundleMessageInterpolator.java:89) - Loaded expression factory via original TCCL
15:34:17.473 DEBUG - org.hibernate.validator.internal.engine.resolver.TraversableResolvers.getDefault(TraversableResolvers.java:60) - Cannot find javax.persistence.Persistence on classpath. Assuming non JPA 2 environment. All properties will per default be traversable.
15:34:17.474 DEBUG - org.hibernate.validator.internal.engine.ConfigurationImpl.messageInterpolator(ConfigurationImpl.java:148) - Setting custom MessageInterpolator of type org.springframework.validation.beanvalidation.LocaleContextMessageInterpolator
15:34:17.475 DEBUG - org.hibernate.validator.internal.engine.ConfigurationImpl.constraintValidatorFactory(ConfigurationImpl.java:180) - Setting custom ConstraintValidatorFactory of type org.springframework.validation.beanvalidation.SpringConstraintValidatorFactory
15:34:17.476 DEBUG - org.hibernate.validator.internal.engine.ConfigurationImpl.parameterNameProvider(ConfigurationImpl.java:194) - Setting custom ParameterNameProvider of type org.springframework.validation.beanvalidation.LocalValidatorFactoryBean$1
15:34:17.477 DEBUG - org.hibernate.validator.internal.xml.config.ValidationXmlParser.getValidationXmlInputStream(ValidationXmlParser.java:120) - Trying to load META-INF/validation.xml for XML based Validator configuration.
15:34:17.477 DEBUG - org.hibernate.validator.internal.xml.config.ResourceLoaderHelper.getResettableInputStreamForPath(ResourceLoaderHelper.java:53) - Trying to load META-INF/validation.xml via user class loader
15:34:17.478 DEBUG - org.hibernate.validator.internal.xml.config.ResourceLoaderHelper.getResettableInputStreamForPath(ResourceLoaderHelper.java:60) - Trying to load META-INF/validation.xml via TCCL
15:34:17.478 DEBUG - org.hibernate.validator.internal.xml.config.ResourceLoaderHelper.getResettableInputStreamForPath(ResourceLoaderHelper.java:66) - Trying to load META-INF/validation.xml via Hibernate Validator's class loader
15:34:17.478 DEBUG - org.hibernate.validator.internal.xml.config.ValidationXmlParser.getValidationXmlInputStream(ValidationXmlParser.java:127) - No META-INF/validation.xml found. Using annotation based configuration only.
15:34:17.482 DEBUG - org.hibernate.validator.internal.engine.ValidatorFactoryImpl.logValidatorFactoryScopedConfiguration(ValidatorFactoryImpl.java:578) - HV000234: Using org.springframework.validation.beanvalidation.LocaleContextMessageInterpolator as ValidatorFactory-scoped message interpolator.
15:34:17.482 DEBUG - org.hibernate.validator.internal.engine.ValidatorFactoryImpl.logValidatorFactoryScopedConfiguration(ValidatorFactoryImpl.java:579) - HV000234: Using org.hibernate.validator.internal.engine.resolver.TraverseAllTraversableResolver as ValidatorFactory-scoped traversable resolver.
15:34:17.483 DEBUG - org.hibernate.validator.internal.engine.ValidatorFactoryImpl.logValidatorFactoryScopedConfiguration(ValidatorFactoryImpl.java:580) - HV000234: Using org.hibernate.validator.internal.util.ExecutableParameterNameProvider as ValidatorFactory-scoped parameter name provider.
15:34:17.483 DEBUG - org.hibernate.validator.internal.engine.ValidatorFactoryImpl.logValidatorFactoryScopedConfiguration(ValidatorFactoryImpl.java:581) - HV000234: Using org.hibernate.validator.internal.engine.DefaultClockProvider as ValidatorFactory-scoped clock provider.
15:34:17.483 DEBUG - org.hibernate.validator.internal.engine.ValidatorFactoryImpl.logValidatorFactoryScopedConfiguration(ValidatorFactoryImpl.java:582) - HV000234: Using org.hibernate.validator.internal.engine.scripting.DefaultScriptEvaluatorFactory as ValidatorFactory-scoped script evaluator factory.
15:34:17.745 INFO  - com.alibaba.druid.spring.boot.autoconfigure.DruidDataSourceAutoConfigure.dataSource(DruidDataSourceAutoConfigure.java:56) - Init DruidDataSource
15:34:37.378 INFO  - com.alibaba.druid.pool.DruidDataSource.init(DruidDataSource.java:930) - {dataSource-1} inited
15:34:37.396 DEBUG - com.baomidou.mybatisplus.autoconfigure.MybatisPlusAutoConfiguration$MapperScannerRegistrarNotFoundConfiguration.afterPropertiesSet(MybatisPlusAutoConfiguration.java:291) - No org.mybatis.spring.mapper.MapperFactoryBean found.
15:34:37.464 DEBUG - org.apache.ibatis.logging.LogFactory.setImplementation(LogFactory.java:105) - Logging initialized using 'class org.apache.ibatis.logging.log4j2.Log4j2Impl' adapter.
15:34:37.511 DEBUG - org.mybatis.logging.Logger.debug(Logger.java:49) - Registered plugin: 'com.baomidou.mybatisplus.extension.plugins.PerformanceInterceptor@1a536164'
15:34:37.511 DEBUG - org.mybatis.logging.Logger.debug(Logger.java:49) - Registered plugin: 'AbstractSqlParserHandler(sqlParserList=null, sqlParserFilter=null)'
15:34:37.513 DEBUG - org.mybatis.logging.Logger.debug(Logger.java:49) - Property 'mapperLocations' was not specified.
15:34:37.615 INFO  - springfox.documentation.spring.web.plugins.DocumentationPluginsBootstrapper.start(DocumentationPluginsBootstrapper.java:160) - Context refreshed
15:34:37.642 INFO  - springfox.documentation.spring.web.plugins.DocumentationPluginsBootstrapper.start(DocumentationPluginsBootstrapper.java:163) - Found 1 custom documentation plugin(s)
15:34:37.664 DEBUG - springfox.documentation.spring.web.plugins.DefaultRequestHandlerCombiner.combine(DefaultRequestHandlerCombiner.java:50) - Total number of request handlers 7
15:34:37.664 DEBUG - springfox.documentation.spring.web.plugins.DefaultRequestHandlerCombiner.combine(DefaultRequestHandlerCombiner.java:52) - Adding key: [/error], WebMvcRequestHandler{key=RequestHandlerKey{pathMappings=[/error], supportedMethods=[], supportedMediaTypes=[], producibleMediaTypes=[]}}
15:34:37.666 DEBUG - springfox.documentation.spring.web.plugins.DefaultRequestHandlerCombiner.combine(DefaultRequestHandlerCombiner.java:52) - Adding key: [/error], WebMvcRequestHandler{key=RequestHandlerKey{pathMappings=[/error], supportedMethods=[], supportedMediaTypes=[], producibleMediaTypes=[text/html]}}
15:34:37.666 DEBUG - springfox.documentation.spring.web.plugins.DefaultRequestHandlerCombiner.combine(DefaultRequestHandlerCombiner.java:52) - Adding key: [/swagger-resources-ext], WebMvcRequestHandler{key=RequestHandlerKey{pathMappings=[/swagger-resources-ext], supportedMethods=[], supportedMediaTypes=[], producibleMediaTypes=[]}}
15:34:37.666 DEBUG - springfox.documentation.spring.web.plugins.DefaultRequestHandlerCombiner.combine(DefaultRequestHandlerCombiner.java:52) - Adding key: [/swagger-resources/configuration/security], WebMvcRequestHandler{key=RequestHandlerKey{pathMappings=[/swagger-resources/configuration/security], supportedMethods=[], supportedMediaTypes=[], producibleMediaTypes=[]}}
15:34:37.666 DEBUG - springfox.documentation.spring.web.plugins.DefaultRequestHandlerCombiner.combine(DefaultRequestHandlerCombiner.java:52) - Adding key: [/swagger-resources/configuration/ui], WebMvcRequestHandler{key=RequestHandlerKey{pathMappings=[/swagger-resources/configuration/ui], supportedMethods=[], supportedMediaTypes=[], producibleMediaTypes=[]}}
15:34:37.666 DEBUG - springfox.documentation.spring.web.plugins.DefaultRequestHandlerCombiner.combine(DefaultRequestHandlerCombiner.java:52) - Adding key: [/swagger-resources], WebMvcRequestHandler{key=RequestHandlerKey{pathMappings=[/swagger-resources], supportedMethods=[], supportedMediaTypes=[], producibleMediaTypes=[]}}
15:34:37.667 DEBUG - springfox.documentation.spring.web.plugins.DefaultRequestHandlerCombiner.combine(DefaultRequestHandlerCombiner.java:52) - Adding key: [/v2/api-docs-ext], WebMvcRequestHandler{key=RequestHandlerKey{pathMappings=[/v2/api-docs-ext], supportedMethods=[GET], supportedMediaTypes=[], producibleMediaTypes=[application/json, application/hal+json]}}
15:34:37.684 DEBUG - springfox.documentation.spring.web.plugins.DefaultRequestHandlerCombiner.combine(DefaultRequestHandlerCombiner.java:58) - Combined number of request handlers 7
15:34:37.685 INFO  - springfox.documentation.spring.web.scanners.ApiListingReferenceScanner.scan(ApiListingReferenceScanner.java:41) - Scanning for api listing references
15:34:37.708 INFO  - org.apache.juli.logging.DirectJDKLog.log(DirectJDKLog.java:173) - Starting ProtocolHandler ["http-nio-14520"]
15:34:37.735 INFO  - org.springframework.boot.StartupInfoLogger.logStarted(StartupInfoLogger.java:59) - Started TechonlineBooterApplication in 22.929 seconds (JVM running for 24.278)
